\BOOKMARK [0][-]{chapter.1}{Introduction}{}% 1
\BOOKMARK [1][-]{section.1.1}{Project Aims}{chapter.1}% 2
\BOOKMARK [1][-]{section.1.2}{Report Structure}{chapter.1}% 3
\BOOKMARK [0][-]{chapter.2}{Project Background and Main Points to Consider}{}% 4
\BOOKMARK [1][-]{section.2.1}{Location Services}{chapter.2}% 5
\BOOKMARK [1][-]{section.2.2}{Context-Aware Services}{chapter.2}% 6
\BOOKMARK [1][-]{section.2.3}{Crowd Sourcing}{chapter.2}% 7
\BOOKMARK [1][-]{section.2.4}{Platform}{chapter.2}% 8
\BOOKMARK [1][-]{section.2.5}{Ethical Concerns}{chapter.2}% 9
\BOOKMARK [0][-]{chapter.3}{Requirements}{}% 10
\BOOKMARK [1][-]{section.3.1}{LOST - Android Application}{chapter.3}% 11
\BOOKMARK [1][-]{section.3.2}{Backend}{chapter.3}% 12
\BOOKMARK [1][-]{section.3.3}{FOUND - Android Application}{chapter.3}% 13
\BOOKMARK [0][-]{chapter.4}{Design}{}% 14
\BOOKMARK [1][-]{section.4.1}{Component Diagram}{chapter.4}% 15
\BOOKMARK [1][-]{section.4.2}{LOST}{chapter.4}% 16
\BOOKMARK [1][-]{section.4.3}{Backend}{chapter.4}% 17
\BOOKMARK [1][-]{chapter*.3}{Bibliography}{chapter.4}% 18
\BOOKMARK [0][-]{appendix.A}{Extra Information}{}% 19
\BOOKMARK [1][-]{section.A.1}{Use Case Diagram}{appendix.A}% 20
\BOOKMARK [1][-]{section.A.2}{Wireframes}{appendix.A}% 21
