This is pdfTeX, Version 3.1415926-2.5-1.40.14 (TeX Live 2013/Debian) (format=pdflatex 2015.4.21)  24 APR 2015 18:37
entering extended mode
 \write18 enabled.
 %&-line parsing enabled.
**report.tex
(./report.tex
LaTeX2e <2011/06/27>
Babel <3.9h> and hyphenation patterns for 2 languages loaded.
(./informatics-report.cls
(/usr/share/texlive/texmf-dist/tex/latex/base/report.cls
Document Class: report 2007/10/19 v1.4h Standard LaTeX document class
(/usr/share/texlive/texmf-dist/tex/latex/base/size10.clo
File: size10.clo 2007/10/19 v1.4h Standard LaTeX file (size option)
)
\c@part=\count79
\c@chapter=\count80
\c@section=\count81
\c@subsection=\count82
\c@subsubsection=\count83
\c@paragraph=\count84
\c@subparagraph=\count85
\c@figure=\count86
\c@table=\count87
\abovecaptionskip=\skip41
\belowcaptionskip=\skip42
\bibindent=\dimen102
)
Document Class: informatics-report 2012/10/07 Informatics Final Year Project Re
port Class
(/usr/share/texlive/texmf-dist/tex/latex/graphics/graphicx.sty
Package: graphicx 1999/02/16 v1.0f Enhanced LaTeX Graphics (DPC,SPQR)

(/usr/share/texlive/texmf-dist/tex/latex/graphics/keyval.sty
Package: keyval 1999/03/16 v1.13 key=value parser (DPC)
\KV@toks@=\toks14
)
(/usr/share/texlive/texmf-dist/tex/latex/graphics/graphics.sty
Package: graphics 2009/02/05 v1.0o Standard LaTeX Graphics (DPC,SPQR)

(/usr/share/texlive/texmf-dist/tex/latex/graphics/trig.sty
Package: trig 1999/03/16 v1.09 sin cos tan (DPC)
)
(/usr/share/texlive/texmf-dist/tex/latex/latexconfig/graphics.cfg
File: graphics.cfg 2010/04/23 v1.9 graphics configuration of TeX Live
)
Package graphics Info: Driver file: pdftex.def on input line 91.

(/usr/share/texlive/texmf-dist/tex/latex/pdftex-def/pdftex.def
File: pdftex.def 2011/05/27 v0.06d Graphics/color for pdfTeX

(/usr/share/texlive/texmf-dist/tex/generic/oberdiek/infwarerr.sty
Package: infwarerr 2010/04/08 v1.3 Providing info/warning/error messages (HO)
)
(/usr/share/texlive/texmf-dist/tex/generic/oberdiek/ltxcmds.sty
Package: ltxcmds 2011/11/09 v1.22 LaTeX kernel commands for general use (HO)
)
\Gread@gobject=\count88
))
\Gin@req@height=\dimen103
\Gin@req@width=\dimen104
)
(/usr/share/texlive/texmf-dist/tex/latex/geometry/geometry.sty
Package: geometry 2010/09/12 v5.6 Page Geometry

(/usr/share/texlive/texmf-dist/tex/generic/oberdiek/ifpdf.sty
Package: ifpdf 2011/01/30 v2.3 Provides the ifpdf switch (HO)
Package ifpdf Info: pdfTeX in PDF mode is detected.
)
(/usr/share/texlive/texmf-dist/tex/generic/oberdiek/ifvtex.sty
Package: ifvtex 2010/03/01 v1.5 Detect VTeX and its facilities (HO)
Package ifvtex Info: VTeX not detected.
)
(/usr/share/texlive/texmf-dist/tex/generic/ifxetex/ifxetex.sty
Package: ifxetex 2010/09/12 v0.6 Provides ifxetex conditional
)
\Gm@cnth=\count89
\Gm@cntv=\count90
\c@Gm@tempcnt=\count91
\Gm@bindingoffset=\dimen105
\Gm@wd@mp=\dimen106
\Gm@odd@mp=\dimen107
\Gm@even@mp=\dimen108
\Gm@layoutwidth=\dimen109
\Gm@layoutheight=\dimen110
\Gm@layouthoffset=\dimen111
\Gm@layoutvoffset=\dimen112
\Gm@dimlist=\toks15
)
(/usr/share/texlive/texmf-dist/tex/latex/tools/layout.sty
Package: layout 2000/09/25 v1.2c Show layout parameters
\oneinch=\count92
\cnt@paperwidth=\count93
\cnt@paperheight=\count94
\cnt@hoffset=\count95
\cnt@voffset=\count96
\cnt@textheight=\count97
\cnt@textwidth=\count98
\cnt@topmargin=\count99
\cnt@oddsidemargin=\count100
\cnt@evensidemargin=\count101
\cnt@headheight=\count102
\cnt@headsep=\count103
\cnt@marginparsep=\count104
\cnt@marginparwidth=\count105
\cnt@marginparpush=\count106
\cnt@footskip=\count107
\fheight=\count108
\ref@top=\count109
\ref@hoffset=\count110
\ref@voffset=\count111
\ref@head=\count112
\ref@body=\count113
\ref@foot=\count114
\ref@margin=\count115
\ref@marginwidth=\count116
\ref@marginpar=\count117
\Interval=\count118
\ExtraYPos=\count119
\PositionX=\count120
\PositionY=\count121
\ArrowLength=\count122
)
(/usr/share/texlive/texmf-dist/tex/latex/url/url.sty
\Urlmuskip=\muskip10
Package: url 2013/09/16  ver 3.4  Verb mode for urls, etc.
)
(/usr/share/texlive/texmf-dist/tex/latex/tools/verbatim.sty
Package: verbatim 2003/08/22 v1.5q LaTeX2e package for verbatim enhancements
\every@verbatim=\toks16
\verbatim@line=\toks17
\verbatim@in@stream=\read1
)
(/usr/share/texlive/texmf-dist/tex/latex/listings/listings.sty
\lst@mode=\count123
\lst@gtempboxa=\box26
\lst@token=\toks18
\lst@length=\count124
\lst@currlwidth=\dimen113
\lst@column=\count125
\lst@pos=\count126
\lst@lostspace=\dimen114
\lst@width=\dimen115
\lst@newlines=\count127
\lst@lineno=\count128
\lst@maxwidth=\dimen116

(/usr/share/texlive/texmf-dist/tex/latex/listings/lstmisc.sty
File: lstmisc.sty 2013/08/26 1.5b (Carsten Heinz)
\c@lstnumber=\count129
\lst@skipnumbers=\count130
\lst@framebox=\box27
)
(/usr/share/texlive/texmf-dist/tex/latex/listings/listings.cfg
File: listings.cfg 2013/08/26 1.5b listings configuration
))
Package: listings 2013/08/26 1.5b (Carsten Heinz)

(/usr/share/texmf/tex/latex/lm/lmodern.sty
Package: lmodern 2009/10/30 v1.6 Latin Modern Fonts
LaTeX Font Info:    Overwriting symbol font `operators' in version `normal'
(Font)                  OT1/cmr/m/n --> OT1/lmr/m/n on input line 22.
LaTeX Font Info:    Overwriting symbol font `letters' in version `normal'
(Font)                  OML/cmm/m/it --> OML/lmm/m/it on input line 23.
LaTeX Font Info:    Overwriting symbol font `symbols' in version `normal'
(Font)                  OMS/cmsy/m/n --> OMS/lmsy/m/n on input line 24.
LaTeX Font Info:    Overwriting symbol font `largesymbols' in version `normal'
(Font)                  OMX/cmex/m/n --> OMX/lmex/m/n on input line 25.
LaTeX Font Info:    Overwriting symbol font `operators' in version `bold'
(Font)                  OT1/cmr/bx/n --> OT1/lmr/bx/n on input line 26.
LaTeX Font Info:    Overwriting symbol font `letters' in version `bold'
(Font)                  OML/cmm/b/it --> OML/lmm/b/it on input line 27.
LaTeX Font Info:    Overwriting symbol font `symbols' in version `bold'
(Font)                  OMS/cmsy/b/n --> OMS/lmsy/b/n on input line 28.
LaTeX Font Info:    Overwriting symbol font `largesymbols' in version `bold'
(Font)                  OMX/cmex/m/n --> OMX/lmex/m/n on input line 29.
LaTeX Font Info:    Overwriting math alphabet `\mathbf' in version `normal'
(Font)                  OT1/cmr/bx/n --> OT1/lmr/bx/n on input line 31.
LaTeX Font Info:    Overwriting math alphabet `\mathsf' in version `normal'
(Font)                  OT1/cmss/m/n --> OT1/lmss/m/n on input line 32.
LaTeX Font Info:    Overwriting math alphabet `\mathit' in version `normal'
(Font)                  OT1/cmr/m/it --> OT1/lmr/m/it on input line 33.
LaTeX Font Info:    Overwriting math alphabet `\mathtt' in version `normal'
(Font)                  OT1/cmtt/m/n --> OT1/lmtt/m/n on input line 34.
LaTeX Font Info:    Overwriting math alphabet `\mathbf' in version `bold'
(Font)                  OT1/cmr/bx/n --> OT1/lmr/bx/n on input line 35.
LaTeX Font Info:    Overwriting math alphabet `\mathsf' in version `bold'
(Font)                  OT1/cmss/bx/n --> OT1/lmss/bx/n on input line 36.
LaTeX Font Info:    Overwriting math alphabet `\mathit' in version `bold'
(Font)                  OT1/cmr/bx/it --> OT1/lmr/bx/it on input line 37.
LaTeX Font Info:    Overwriting math alphabet `\mathtt' in version `bold'
(Font)                  OT1/cmtt/m/n --> OT1/lmtt/m/n on input line 38.
)
(/usr/share/texlive/texmf-dist/tex/latex/setspace/setspace.sty
Package: setspace 2011/12/19 v6.7a set line spacing
))
(/usr/share/texlive/texmf-dist/tex/latex/graphics/color.sty
Package: color 2005/11/14 v1.0j Standard LaTeX Color (DPC)

(/usr/share/texlive/texmf-dist/tex/latex/latexconfig/color.cfg
File: color.cfg 2007/01/18 v1.5 color configuration of teTeX/TeXLive
)
Package color Info: Driver file: pdftex.def on input line 130.
)
(/usr/share/texlive/texmf-dist/tex/latex/natbib/natbib.sty
Package: natbib 2010/09/13 8.31b (PWD, AO)
\bibhang=\skip43
\bibsep=\skip44
LaTeX Info: Redefining \cite on input line 694.
\c@NAT@ctr=\count131
)
(/usr/share/texlive/texmf-dist/tex/latex/comment/comment.sty
\CommentStream=\write3

Excluding comment 'comment')
(/usr/share/texlive/texmf-dist/tex/latex/cleveref/cleveref.sty
Package: cleveref 2013/12/28 v0.19 Intelligent cross-referencing
Package cleveref Info: `listings' support loaded on input line 2950.
)
(/usr/share/texlive/texmf-dist/tex/latex/hyperref/hyperref.sty
Package: hyperref 2012/11/06 v6.83m Hypertext links for LaTeX

(/usr/share/texlive/texmf-dist/tex/generic/oberdiek/hobsub-hyperref.sty
Package: hobsub-hyperref 2012/05/28 v1.13 Bundle oberdiek, subset hyperref (HO)


(/usr/share/texlive/texmf-dist/tex/generic/oberdiek/hobsub-generic.sty
Package: hobsub-generic 2012/05/28 v1.13 Bundle oberdiek, subset generic (HO)
Package: hobsub 2012/05/28 v1.13 Construct package bundles (HO)
Package hobsub Info: Skipping package `infwarerr' (already loaded).
Package hobsub Info: Skipping package `ltxcmds' (already loaded).
Package: ifluatex 2010/03/01 v1.3 Provides the ifluatex switch (HO)
Package ifluatex Info: LuaTeX not detected.
Package hobsub Info: Skipping package `ifvtex' (already loaded).
Package: intcalc 2007/09/27 v1.1 Expandable calculations with integers (HO)
Package hobsub Info: Skipping package `ifpdf' (already loaded).
Package: etexcmds 2011/02/16 v1.5 Avoid name clashes with e-TeX commands (HO)
Package etexcmds Info: Could not find \expanded.
(etexcmds)             That can mean that you are not using pdfTeX 1.50 or
(etexcmds)             that some package has redefined \expanded.
(etexcmds)             In the latter case, load this package earlier.
Package: kvsetkeys 2012/04/25 v1.16 Key value parser (HO)
Package: kvdefinekeys 2011/04/07 v1.3 Define keys (HO)
Package: pdftexcmds 2011/11/29 v0.20 Utility functions of pdfTeX for LuaTeX (HO
)
Package pdftexcmds Info: LuaTeX not detected.
Package pdftexcmds Info: \pdf@primitive is available.
Package pdftexcmds Info: \pdf@ifprimitive is available.
Package pdftexcmds Info: \pdfdraftmode found.
Package: pdfescape 2011/11/25 v1.13 Implements pdfTeX's escape features (HO)
Package: bigintcalc 2012/04/08 v1.3 Expandable calculations on big integers (HO
)
Package: bitset 2011/01/30 v1.1 Handle bit-vector datatype (HO)
Package: uniquecounter 2011/01/30 v1.2 Provide unlimited unique counter (HO)
)
Package hobsub Info: Skipping package `hobsub' (already loaded).
Package: letltxmacro 2010/09/02 v1.4 Let assignment for LaTeX macros (HO)
Package: hopatch 2012/05/28 v1.2 Wrapper for package hooks (HO)
Package: xcolor-patch 2011/01/30 xcolor patch
Package: atveryend 2011/06/30 v1.8 Hooks at the very end of document (HO)
Package atveryend Info: \enddocument detected (standard20110627).
Package: atbegshi 2011/10/05 v1.16 At begin shipout hook (HO)
Package: refcount 2011/10/16 v3.4 Data extraction from label references (HO)
Package: hycolor 2011/01/30 v1.7 Color options for hyperref/bookmark (HO)
)
(/usr/share/texlive/texmf-dist/tex/latex/oberdiek/auxhook.sty
Package: auxhook 2011/03/04 v1.3 Hooks for auxiliary files (HO)
)
(/usr/share/texlive/texmf-dist/tex/latex/oberdiek/kvoptions.sty
Package: kvoptions 2011/06/30 v3.11 Key value format for package options (HO)
)
\@linkdim=\dimen117
\Hy@linkcounter=\count132
\Hy@pagecounter=\count133

(/usr/share/texlive/texmf-dist/tex/latex/hyperref/pd1enc.def
File: pd1enc.def 2012/11/06 v6.83m Hyperref: PDFDocEncoding definition (HO)
)
\Hy@SavedSpaceFactor=\count134

(/usr/share/texlive/texmf-dist/tex/latex/latexconfig/hyperref.cfg
File: hyperref.cfg 2002/06/06 v1.2 hyperref configuration of TeXLive
)
Package hyperref Info: Hyper figures OFF on input line 4443.
Package hyperref Info: Link nesting OFF on input line 4448.
Package hyperref Info: Hyper index ON on input line 4451.
Package hyperref Info: Plain pages OFF on input line 4458.
Package hyperref Info: Backreferencing OFF on input line 4463.
Package hyperref Info: Implicit mode ON; LaTeX internals redefined.
Package hyperref Info: Bookmarks ON on input line 4688.
\c@Hy@tempcnt=\count135
LaTeX Info: Redefining \url on input line 5041.
\XeTeXLinkMargin=\dimen118
\Fld@menulength=\count136
\Field@Width=\dimen119
\Fld@charsize=\dimen120
Package hyperref Info: Hyper figures OFF on input line 6295.
Package hyperref Info: Link nesting OFF on input line 6300.
Package hyperref Info: Hyper index ON on input line 6303.
Package hyperref Info: backreferencing OFF on input line 6310.
Package hyperref Info: Link coloring OFF on input line 6315.
Package hyperref Info: Link coloring with OCG OFF on input line 6320.
Package hyperref Info: PDF/A mode OFF on input line 6325.
LaTeX Info: Redefining \ref on input line 6365.
LaTeX Info: Redefining \pageref on input line 6369.
\Hy@abspage=\count137
\c@Item=\count138
\c@Hfootnote=\count139
)

Package hyperref Message: Driver (autodetected): hpdftex.

(/usr/share/texlive/texmf-dist/tex/latex/hyperref/hpdftex.def
File: hpdftex.def 2012/11/06 v6.83m Hyperref driver for pdfTeX
\Fld@listcount=\count140
\c@bookmark@seq@number=\count141

(/usr/share/texlive/texmf-dist/tex/latex/oberdiek/rerunfilecheck.sty
Package: rerunfilecheck 2011/04/15 v1.7 Rerun checks for auxiliary files (HO)
Package uniquecounter Info: New unique counter `rerunfilecheck' on input line 2
82.
)
\Hy@SectionHShift=\skip45
)
(/usr/share/texlive/texmf-dist/tex/latex/minted/minted.sty
Package: minted 2011/09/17 v1.7 Yet another Pygments shim for LaTeX

(/usr/share/texlive/texmf-dist/tex/latex/fancyvrb/fancyvrb.sty
Package: fancyvrb 2008/02/07

Style option: `fancyvrb' v2.7a, with DG/SPQR fixes, and firstline=lastline fix 
<2008/02/07> (tvz)
\FV@CodeLineNo=\count142
\FV@InFile=\read2
\FV@TabBox=\box28
\c@FancyVerbLine=\count143
\FV@StepNumber=\count144
\FV@OutFile=\write4
) (/usr/share/texmf/tex/latex/xcolor/xcolor.sty
Package: xcolor 2007/01/21 v2.11 LaTeX color extensions (UK)

(/usr/share/texlive/texmf-dist/tex/latex/latexconfig/color.cfg
File: color.cfg 2007/01/18 v1.5 color configuration of teTeX/TeXLive
)
Package xcolor Info: Driver file: pdftex.def on input line 225.
LaTeX Info: Redefining \color on input line 702.
Package xcolor Info: Model `cmy' substituted by `cmy0' on input line 1337.
Package xcolor Info: Model `hsb' substituted by `rgb' on input line 1341.
Package xcolor Info: Model `RGB' extended on input line 1353.
Package xcolor Info: Model `HTML' substituted by `rgb' on input line 1355.
Package xcolor Info: Model `Hsb' substituted by `hsb' on input line 1356.
Package xcolor Info: Model `tHsb' substituted by `hsb' on input line 1357.
Package xcolor Info: Model `HSB' substituted by `hsb' on input line 1358.
Package xcolor Info: Model `Gray' substituted by `gray' on input line 1359.
Package xcolor Info: Model `wave' substituted by `hsb' on input line 1360.
)
(/usr/share/texlive/texmf-dist/tex/latex/float/float.sty
Package: float 2001/11/08 v1.3d Float enhancements (AL)
\c@float@type=\count145
\float@exts=\toks19
\float@box=\box29
\@float@everytoks=\toks20
\@floatcapt=\box30
)
(/usr/share/texlive/texmf-dist/tex/latex/base/ifthen.sty
Package: ifthen 2001/05/26 v1.1c Standard LaTeX ifthen package (DPC)
)
(/usr/share/texlive/texmf-dist/tex/latex/tools/calc.sty
Package: calc 2007/08/22 v4.3 Infix arithmetic (KKT,FJ)
\calc@Acount=\count146
\calc@Bcount=\count147
\calc@Adimen=\dimen121
\calc@Bdimen=\dimen122
\calc@Askip=\skip46
\calc@Bskip=\skip47
LaTeX Info: Redefining \setlength on input line 76.
LaTeX Info: Redefining \addtolength on input line 77.
\calc@Ccount=\count148
\calc@Cskip=\skip48
)
(/usr/share/texlive/texmf-dist/tex/latex/ifplatform/ifplatform.sty
Package: ifplatform 2010/10/22 v0.4 Testing for the operating system

(/usr/share/texlive/texmf-dist/tex/generic/oberdiek/catchfile.sty
Package: catchfile 2011/03/01 v1.6 Catch the contents of a file (HO)
)
runsystem(uname -s > "report.w18")...executed.


(./report.w18)
runsystem(rm -- "report.w18")...executed.

)
\minted@bgbox=\box31
\minted@code=\write5
\@float@every@listing=\toks21
\c@listing=\count149
)
runsystem(which pygmentize && touch report.aex)...executed.

runsystem(rm report.aex)...executed.

 (./report.aux (./Appendices/appendix.aux))
\openout1 = `report.aux'.

LaTeX Font Info:    Checking defaults for OML/cmm/m/it on input line 23.
LaTeX Font Info:    ... okay on input line 23.
LaTeX Font Info:    Checking defaults for T1/cmr/m/n on input line 23.
LaTeX Font Info:    ... okay on input line 23.
LaTeX Font Info:    Checking defaults for OT1/cmr/m/n on input line 23.
LaTeX Font Info:    ... okay on input line 23.
LaTeX Font Info:    Checking defaults for OMS/cmsy/m/n on input line 23.
LaTeX Font Info:    ... okay on input line 23.
LaTeX Font Info:    Checking defaults for OMX/cmex/m/n on input line 23.
LaTeX Font Info:    ... okay on input line 23.
LaTeX Font Info:    Checking defaults for U/cmr/m/n on input line 23.
LaTeX Font Info:    ... okay on input line 23.
LaTeX Font Info:    Checking defaults for PD1/pdf/m/n on input line 23.
LaTeX Font Info:    ... okay on input line 23.
LaTeX Font Info:    Try loading font information for OT1+lmr on input line 23.

(/usr/share/texmf/tex/latex/lm/ot1lmr.fd
File: ot1lmr.fd 2009/10/30 v1.6 Font defs for Latin Modern
)
(/usr/share/texlive/texmf-dist/tex/context/base/supp-pdf.mkii
[Loading MPS to PDF converter (version 2006.09.02).]
\scratchcounter=\count150
\scratchdimen=\dimen123
\scratchbox=\box32
\nofMPsegments=\count151
\nofMParguments=\count152
\everyMPshowfont=\toks22
\MPscratchCnt=\count153
\MPscratchDim=\dimen124
\MPnumerator=\count154
\makeMPintoPDFobject=\count155
\everyMPtoPDFconversion=\toks23
) (/usr/share/texlive/texmf-dist/tex/latex/oberdiek/epstopdf-base.sty
Package: epstopdf-base 2010/02/09 v2.5 Base part for package epstopdf

(/usr/share/texlive/texmf-dist/tex/latex/oberdiek/grfext.sty
Package: grfext 2010/08/19 v1.1 Manage graphics extensions (HO)
)
Package grfext Info: Graphics extension search list:
(grfext)             [.png,.pdf,.jpg,.mps,.jpeg,.jbig2,.jb2,.PNG,.PDF,.JPG,.JPE
G,.JBIG2,.JB2,.eps]
(grfext)             \AppendGraphicsExtensions on input line 452.

(/usr/share/texlive/texmf-dist/tex/latex/latexconfig/epstopdf-sys.cfg
File: epstopdf-sys.cfg 2010/07/13 v1.3 Configuration of (r)epstopdf for TeX Liv
e
))
*geometry* driver: auto-detecting
*geometry* detected driver: pdftex
*geometry* verbose mode - [ preamble ] result:
* driver: pdftex
* paper: <default>
* layout: <same size as paper>
* layoutoffset:(h,v)=(0.0pt,0.0pt)
* modes: 
* h-part:(L,W,R)=(101.17755pt, 411.9399pt, 101.17755pt)
* v-part:(T,H,B)=(57.81621pt, 664.88379pt, 72.26999pt)
* \paperwidth=614.295pt
* \paperheight=794.96999pt
* \textwidth=411.9399pt
* \textheight=664.88379pt
* \oddsidemargin=28.90756pt
* \evensidemargin=28.90756pt
* \topmargin=-51.45378pt
* \headheight=12.0pt
* \headsep=25.0pt
* \topskip=10.0pt
* \footskip=30.0pt
* \marginparwidth=65.0pt
* \marginparsep=11.0pt
* \columnsep=10.0pt
* \skip\footins=9.0pt plus 4.0pt minus 2.0pt
* \hoffset=0.0pt
* \voffset=0.0pt
* \mag=1000
* \@twocolumnfalse
* \@twosidefalse
* \@mparswitchfalse
* \@reversemarginfalse
* (1in=72.27pt=25.4mm, 1cm=28.453pt)

\c@lstlisting=\count156
\AtBeginShipoutBox=\box33
Package hyperref Info: Link coloring OFF on input line 23.
(/usr/share/texlive/texmf-dist/tex/latex/hyperref/nameref.sty
Package: nameref 2012/10/27 v2.43 Cross-referencing by name of section

(/usr/share/texlive/texmf-dist/tex/generic/oberdiek/gettitlestring.sty
Package: gettitlestring 2010/12/03 v1.4 Cleanup title references (HO)
)
\c@section@level=\count157
)
LaTeX Info: Redefining \ref on input line 23.
LaTeX Info: Redefining \pageref on input line 23.
LaTeX Info: Redefining \nameref on input line 23.

(./report.out) (./report.out)
\@outlinefile=\write6
\openout6 = `report.out'.

runsystem(pygmentize -S default -f latex > report.pyg)...executed.

 (./report.pyg)
*geometry* verbose mode - [ newgeometry ] result:
* driver: pdftex
* paper: <default>
* layout: <same size as paper>
* layoutoffset:(h,v)=(0.0pt,0.0pt)
* modes: 
* h-part:(L,W,R)=(92.14519pt, 430.00462pt, 92.14519pt)
* v-part:(T,H,B)=(57.81621pt, 641.75641pt, 95.39737pt)
* \paperwidth=614.295pt
* \paperheight=794.96999pt
* \textwidth=430.00462pt
* \textheight=641.75641pt
* \oddsidemargin=19.8752pt
* \evensidemargin=19.8752pt
* \topmargin=-51.45378pt
* \headheight=12.0pt
* \headsep=25.0pt
* \topskip=10.0pt
* \footskip=30.0pt
* \marginparwidth=65.0pt
* \marginparsep=11.0pt
* \columnsep=10.0pt
* \skip\footins=9.0pt plus 4.0pt minus 2.0pt
* \hoffset=0.0pt
* \voffset=0.0pt
* \mag=1000
* \@twocolumnfalse
* \@twosidefalse
* \@mparswitchfalse
* \@reversemarginfalse
* (1in=72.27pt=25.4mm, 1cm=28.453pt)


<FrontMatter/logo.png, id=120, 234.8775pt x 214.8025pt>
File: FrontMatter/logo.png Graphic file (type png)

<use FrontMatter/logo.png>
Package pdftex.def Info: FrontMatter/logo.png used on input line 24.
(pdftex.def)             Requested size: 93.94933pt x 85.91946pt.
 [1


{/var/lib/texmf/fonts/map/pdftex/updmap/pdftex.map} <./FrontMatter/logo.png (PN
G copy)>] (./FrontMatter/abstract.tex)
Underfull \hbox (badness 10000) in paragraph at lines 1--24

 []

pdfTeX warning (ext4): destination with the same identifier (name{page.1}) has 
been already used, duplicate ignored
<to be read again> 
                   \relax 
l.24 \createFrontMatter
                        [1

]pdfTeX warning (ext4): destination with the same identifier (name{page.1}) has
 been already used, duplicate ignored
<to be read again> 
                   \relax 
l.24 \createFrontMatter
                        [1] (./FrontMatter/acknowledgements.tex) [0

]
(./report.toc
LaTeX Font Info:    Try loading font information for OML+lmm on input line 2.
 (/usr/share/texmf/tex/latex/lm/omllmm.fd
File: omllmm.fd 2009/10/30 v1.6 Font defs for Latin Modern
)
LaTeX Font Info:    Try loading font information for OMS+lmsy on input line 2.

(/usr/share/texmf/tex/latex/lm/omslmsy.fd
File: omslmsy.fd 2009/10/30 v1.6 Font defs for Latin Modern
)
LaTeX Font Info:    Try loading font information for OMX+lmex on input line 2.

(/usr/share/texmf/tex/latex/lm/omxlmex.fd
File: omxlmex.fd 2009/10/30 v1.6 Font defs for Latin Modern
)
LaTeX Font Info:    External font `lmex10' loaded for size
(Font)              <10> on input line 2.
LaTeX Font Info:    External font `lmex10' loaded for size
(Font)              <7> on input line 2.
LaTeX Font Info:    External font `lmex10' loaded for size
(Font)              <5> on input line 2.
)
\tf@toc=\write7
\openout7 = `report.toc'.

pdfTeX warning (ext4): destination with the same identifier (name{page.1}) has 
been already used, duplicate ignored
<to be read again> 
                   \relax 
l.30 \chapter
             {Introduction} [1

]
Chapter 1.
LaTeX Font Info:    External font `lmex10' loaded for size
(Font)              <8> on input line 33.
LaTeX Font Info:    External font `lmex10' loaded for size
(Font)              <6> on input line 33.

Underfull \hbox (badness 10000) in paragraph at lines 37--39

 []


Underfull \hbox (badness 10000) in paragraph at lines 37--39

 []

[2

] [3]
Chapter 2.
[4

] [5]
LaTeX Font Info:    Try loading font information for OT1+lmtt on input line 93.

 (/usr/share/texmf/tex/latex/lm/ot1lmtt.fd
File: ot1lmtt.fd 2009/10/30 v1.6 Font defs for Latin Modern
) [6] [7] [8] [9] [10]
Chapter 3.
[11

]
Underfull \hbox (badness 10000) in paragraph at lines 165--165
[][][]\OT1/lmr/m/n/8 Figures cre-ated by com-par-ing phone spec-i-fi-ca-tions a
t []$\OT1/lmtt/m/n/8 http : / / www . phonearena . com / news /
 []

[12] [13]
Chapter 4.
[14

] <Diagrams/ComponentDiagram.png, id=344, 854.19125pt x 757.83125pt>
File: Diagrams/ComponentDiagram.png Graphic file (type png)

<use Diagrams/ComponentDiagram.png>
Package pdftex.def Info: Diagrams/ComponentDiagram.png used on input line 206.
(pdftex.def)             Requested size: 512.5187pt x 454.70226pt.
 [15 <./Diagrams/ComponentDiagram.png>]
[16] [17] [18] [19] [20] [21] [22]
Chapter 5.
[23

] [24]
\openout4 = `report.pyg'.

runsystem(pygmentize -l Java -f latex -F tokenmerge             -P "verboptions
= ,frame=single" -o report.out.pyg report.pyg)...executed.

 (./report.out.pyg
LaTeX Font Info:    Font shape `OT1/lmtt/bx/n' in size <10> not available
(Font)              Font shape `OT1/lmtt/b/n' tried instead on input line 2.
)
runsystem(rm report.out.pyg)...executed.

runsystem(rm report.pyg)...executed.

\openout4 = `report.pyg'.

runsystem(pygmentize -l Java -f latex -F tokenmerge             -P "verboptions
= ,frame=single" -o report.out.pyg report.pyg)...executed.

 (./report.out.pyg)
runsystem(rm report.out.pyg)...executed.

runsystem(rm report.pyg)...executed.

\openout4 = `report.pyg'.

runsystem(pygmentize -l Java -f latex -F tokenmerge             -P "verboptions
= ,frame=single" -o report.out.pyg report.pyg)...executed.

 (./report.out.pyg)
runsystem(rm report.out.pyg)...executed.

runsystem(rm report.pyg)...executed.

 [25]
[26]
\openout4 = `report.pyg'.

runsystem(pygmentize -l Java -f latex -F tokenmerge             -P "verboptions
= ,frame=single" -o report.out.pyg report.pyg)...executed.

 (./report.out.pyg)
runsystem(rm report.out.pyg)...executed.

runsystem(rm report.pyg)...executed.

\openout4 = `report.pyg'.

runsystem(pygmentize -l Java -f latex -F tokenmerge             -P "verboptions
= ,frame=single" -o report.out.pyg report.pyg)...executed.

 (./report.out.pyg)
runsystem(rm report.out.pyg)...executed.

runsystem(rm report.pyg)...executed.

\openout4 = `report.pyg'.

runsystem(pygmentize -l Java -f latex -F tokenmerge             -P "verboptions
= ,frame=single" -o report.out.pyg report.pyg)...executed.

 (./report.out.pyg)
runsystem(rm report.out.pyg)...executed.

runsystem(rm report.pyg)...executed.

\openout4 = `report.pyg'.

runsystem(pygmentize -l Java -f latex -F tokenmerge             -P "verboptions
= ,frame=single" -o report.out.pyg report.pyg)...executed.

 (./report.out.pyg)
runsystem(rm report.out.pyg)...executed.

runsystem(rm report.pyg)...executed.

 [27]
\openout4 = `report.pyg'.

runsystem(pygmentize -l Java -f latex -F tokenmerge             -P "verboptions
= ,frame=single" -o report.out.pyg report.pyg)...executed.

 (./report.out.pyg)
runsystem(rm report.out.pyg)...executed.

runsystem(rm report.pyg)...executed.

 [28] [29] [30]
\openout4 = `report.pyg'.

runsystem(pygmentize -l JSON -f latex -F tokenmerge             -P "verboptions
= ,frame=single" -o report.out.pyg report.pyg)...executed.

 (./report.out.pyg)
runsystem(rm report.out.pyg)...executed.

runsystem(rm report.pyg)...executed.

\openout4 = `report.pyg'.

runsystem(pygmentize -l JSON -f latex -F tokenmerge             -P "verboptions
= ,frame=single" -o report.out.pyg report.pyg)...executed.

 (./report.out.pyg
[31])
runsystem(rm report.out.pyg)...executed.

runsystem(rm report.pyg)...executed.

\openout4 = `report.pyg'.

runsystem(pygmentize -l Ruby -f latex -F tokenmerge             -P "verboptions
= ,frame=single" -o report.out.pyg report.pyg)...executed.

 (./report.out.pyg)
runsystem(rm report.out.pyg)...executed.

runsystem(rm report.pyg)...executed.

 [32]
\openout4 = `report.pyg'.

runsystem(pygmentize -l Ruby -f latex -F tokenmerge             -P "verboptions
= ,frame=single" -o report.out.pyg report.pyg)...executed.

 (./report.out.pyg [33])
runsystem(rm report.out.pyg)...executed.

runsystem(rm report.pyg)...executed.

 [34] [35]
Chapter 6.
(./report.bbl [36

]
Underfull \hbox (badness 1242) in paragraph at lines 4--7
[]\OT1/lmr/m/n/10 Stack over-flow - iphone sig-nal strength.  []$\OT1/lmtt/m/n/
10 http : / / stackoverflow . com / questions /
 []


Underfull \hbox (badness 2237) in paragraph at lines 47--50
[]\OT1/lmr/m/n/10 Google.  An-droid ser-vices.  []$\OT1/lmtt/m/n/10 http : / / 
developer . android . com / guide / components /
 []


Underfull \hbox (badness 5847) in paragraph at lines 52--55
[]\OT1/lmr/m/n/10 Google.  An-droid sup-port li-braries.  []$\OT1/lmtt/m/n/10 h
ttp : / / developer . android . com / tools /
 []

[37

]
Underfull \hbox (badness 1546) in paragraph at lines 62--66
[]\OT1/lmr/m/n/10 IDC.  Smart-phone os mar-ket share, q4 2014.  []$\OT1/lmtt/m/
n/10 http : / / www . idc . com / prodserv /
 []


Underfull \hbox (badness 4531) in paragraph at lines 89--92
[]\OT1/lmr/m/n/10 Felix Richter.  15 years of google.  []$\OT1/lmtt/m/n/10 http
 : / / www . statista . com / chart / 1502 /
 []


Underfull \hbox (badness 10000) in paragraph at lines 112--117
[]\OT1/lmr/m/n/10 Steven J. Vaughan-Nichols.  How google--and ev-ery-one else--

 []


Underfull \hbox (badness 10000) in paragraph at lines 112--117
\OT1/lmr/m/n/10 gets wi-fi lo-ca-tion data.  []$\OT1/lmtt/m/n/10 http : / / www
 . zdnet . com / article /
 []

) [38]
\openout2 = `Appendices/appendix.aux'.


No file Appendices/appendix.tex.
Package atveryend Info: Empty hook `BeforeClearDocument' on input line 637.
Package atveryend Info: Empty hook `AfterLastShipout' on input line 637.
(./report.aux (./Appendices/appendix.aux))
Package atveryend Info: Executing hook `AtVeryEndDocument' on input line 637.
Package atveryend Info: Executing hook `AtEndAfterFileList' on input line 637.


Package rerunfilecheck Warning: File `report.out' has changed.
(rerunfilecheck)                Rerun to get outlines right
(rerunfilecheck)                or use package `bookmark'.

Package rerunfilecheck Info: Checksums for `report.out':
(rerunfilecheck)             Before: ADF7B3688D3BA78D77009463DBED4353;1688
(rerunfilecheck)             After:  7ED63BA6761328391752A1D08FAC9CB2;1505.
Package atveryend Info: Empty hook `AtVeryVeryEnd' on input line 637.
 ) 
Here is how much of TeX's memory you used:
 10418 strings out of 495028
 163639 string characters out of 6181497
 270185 words of memory out of 5000000
 13258 multiletter control sequences out of 15000+600000
 53857 words of font info for 44 fonts, out of 8000000 for 9000
 14 hyphenation exceptions out of 8191
 34i,8n,37p,1326b,521s stack positions out of 5000i,500n,10000p,200000b,80000s
pdfTeX warning (dest): name{section.A.2} has been referenced but does not exi
st, replaced by a fixed one

pdfTeX warning (dest): name{section.A.1} has been referenced but does not exist
, replaced by a fixed one

pdfTeX warning (dest): name{appendix.A} has been referenced but does not exist,
 replaced by a fixed one

pdfTeX warning (dest): name{chapter*.30} has been referenced but does not exist
, replaced by a fixed one

{/usr/share/texmf/fonts/enc/dvips/lm/lm-rmtt.enc}{/usr/share/texmf/fonts/enc/dv
ips/lm/lm-rm.enc}</usr/share/texmf/fonts/type1/public/lm/lmbx10.pfb></usr/share
/texmf/fonts/type1/public/lm/lmbx12.pfb></usr/share/texmf/fonts/type1/public/lm
/lmr10.pfb></usr/share/texmf/fonts/type1/public/lm/lmr12.pfb></usr/share/texmf/
fonts/type1/public/lm/lmr6.pfb></usr/share/texmf/fonts/type1/public/lm/lmr7.pfb
></usr/share/texmf/fonts/type1/public/lm/lmr8.pfb></usr/share/texmf/fonts/type1
/public/lm/lmri10.pfb></usr/share/texmf/fonts/type1/public/lm/lmtk10.pfb></usr/
share/texmf/fonts/type1/public/lm/lmtt10.pfb></usr/share/texmf/fonts/type1/publ
ic/lm/lmtt8.pfb></usr/share/texmf/fonts/type1/public/lm/lmtti10.pfb>
Output written on report.pdf (42 pages, 475655 bytes).
PDF statistics:
 642 PDF objects out of 1000 (max. 8388607)
 577 compressed objects within 6 object streams
 190 named destinations out of 1000 (max. 500000)
 243 words of extra memory for PDF output out of 10000 (max. 10000000)

